<?xml version="1.0" encoding="UTF-8"?>
<!-- Generated by org.testng.reporters.JUnitXMLReporter -->
<testsuite ignored="4" hostname="DESKTOP-EAGAB1P" failures="3" tests="3" name="Default test(failed)(failed)" time="25.281" errors="0" timestamp="2025-01-30T16:24:25 IST">
  <testcase classname="testcases.CheckOutStep2Page_test" name="verifyitemTottxt" time="0.085">
    <failure type="java.lang.AssertionError" message="expected [Total: $58.29] but found [Total: $60.45]">
      <![CDATA[java.lang.AssertionError: expected [Total: $58.29] but found [Total: $60.45]
at testcases.CheckOutStep2Page_test.verifyitemTottxt(CheckOutStep2Page_test.java:101)
at java.base/java.util.ArrayList.forEach(ArrayList.java:1597)
... Removed 31 stack frames]]>
    </failure>
  </testcase> <!-- verifyitemTottxt -->
  <testcase classname="testcases.CheckOutStep2Page_test" name="verifyitemSubTottxt" time="0.063">
    <failure type="java.lang.AssertionError" message="expected [Item total: $53.97] but found [Item total: $55.97 ]">
      <![CDATA[java.lang.AssertionError: expected [Item total: $53.97] but found [Item total: $55.97 ]
at testcases.CheckOutStep2Page_test.verifyitemSubTottxt(CheckOutStep2Page_test.java:85)
at java.base/java.util.ArrayList.forEach(ArrayList.java:1597)
... Removed 31 stack frames]]>
    </failure>
  </testcase> <!-- verifyitemSubTottxt -->
  <testcase classname="testcases.CheckOutStep2Page_test" name="verifyitemTaxtxt" time="0.055">
    <failure type="java.lang.AssertionError" message="expected [Tax: $4.32] but found [Tax: $4.48]">
      <![CDATA[java.lang.AssertionError: expected [Tax: $4.32] but found [Tax: $4.48]
at testcases.CheckOutStep2Page_test.verifyitemTaxtxt(CheckOutStep2Page_test.java:93)
at java.base/java.util.ArrayList.forEach(ArrayList.java:1597)
... Removed 31 stack frames]]>
    </failure>
  </testcase> <!-- verifyitemTaxtxt -->
  <testcase classname="testcases.CheckOutStep2Page_test" name="verifyfreeponyTxt" time="0.0">
    <ignored/>
  </testcase> <!-- verifyfreeponyTxt -->
  <testcase classname="testcases.CheckOutStep2Page_test" name="verifyPaymentInfotxtTest" time="0.0">
    <ignored/>
  </testcase> <!-- verifyPaymentInfotxtTest -->
  <testcase classname="testcases.CheckOutStep2Page_test" name="verifyshippinginfoTxt" time="0.0">
    <ignored/>
  </testcase> <!-- verifyshippinginfoTxt -->
  <testcase classname="testcases.CheckOutStep2Page_test" name="verifysasaucecardTxt" time="0.0">
    <ignored/>
  </testcase> <!-- verifysasaucecardTxt -->
</testsuite> <!-- Default test(failed)(failed) -->
