<?xml version="1.0" encoding="UTF-8"?>
<!-- Generated by org.testng.reporters.JUnitXMLReporter -->
<testsuite ignored="0" hostname="DESKTOP-EAGAB1P" failures="1" tests="18" name="AllTest" time="109.485" errors="0" timestamp="2025-01-29T14:17:23 IST">
  <testcase classname="testcases.LoginPage_test" name="LoginToApplicationTest" time="3.664"/>
  <testcase classname="testcases.LoginPage_test" name="verifyTitleofApplicationTest" time="0.121">
    <failure type="java.lang.AssertionError" message="expected [Swag Labs] but found [https://www.saucedemo.com/v1/]">
      <![CDATA[java.lang.AssertionError: expected [Swag Labs] but found [https://www.saucedemo.com/v1/]
at testcases.LoginPage_test.verifyTitleofApplicationTest(LoginPage_test.java:58)
at java.base/java.util.ArrayList.forEach(ArrayList.java:1597)
... Removed 31 stack frames]]>
    </failure>
  </testcase> <!-- verifyTitleofApplicationTest -->
  <testcase classname="testcases.LoginPage_test" name="verifyURLofApplicationTest" time="0.1"/>
  <testcase classname="testcases.CheckOutStep1Page_test" name="clickCancelBtnTest" time="0.223"/>
  <testcase classname="testcases.CheckOutStep1Page_test" name="inputInfoTest" time="0.707"/>
  <testcase classname="testcases.CheckOutStep1Page_test" name="verifyCheckInfoTextTest" time="0.068"/>
  <testcase classname="testcases.CartPage_test" name="clickOnCheckoutBtnTest" time="0.282"/>
  <testcase classname="testcases.CartPage_test" name="verifyCartPageURLTest" time="0.052"/>
  <testcase classname="testcases.CartPage_test" name="verifyDescriptionTextTest" time="0.077"/>
  <testcase classname="testcases.CartPage_test" name="verifyQuantityTextTest" time="0.08"/>
  <testcase classname="testcases.CartPage_test" name="verifyYourCartTitleTest" time="0.083"/>
  <testcase classname="testcases.InventoryPage_test" name="add3productsTest" time="0.595"/>
  <testcase classname="testcases.InventoryPage_test" name="remove2productsTest" time="0.575"/>
  <testcase classname="testcases.InventoryPage_test" name="verifyFBlogoTest" time="0.05"/>
  <testcase classname="testcases.InventoryPage_test" name="verifyFootertext" time="0.092"/>
  <testcase classname="testcases.InventoryPage_test" name="verifyLinkedinlogoTest" time="0.043"/>
  <testcase classname="testcases.InventoryPage_test" name="verifyTitleTest" time="0.062"/>
  <testcase classname="testcases.InventoryPage_test" name="verifyTwitterLogoTest" time="0.079"/>
</testsuite> <!-- AllTest -->
